<?xml version="1.0" encoding="UTF-8"?>
<!-- Generated by org.testng.reporters.JUnitReportReporter -->
<testsuite hostname="LTIN425027" failures="0" tests="11" name="Test.TestCases" time="26.081" errors="0" timestamp="2023-06-16T09:31:51 IST" skipped="0">
  <testcase classname="Test.TestCases" name="category" time="2.239"/>
  <system-out/>
  <testcase classname="Test.TestCases" name="excludeOutOfStock" time="2.109"/>
  <system-out/>
  <testcase classname="Test.TestCases" name="captureErrorMessage" time="2.405"/>
  <system-out/>
  <testcase classname="Test.TestCases" name="fillDetails" time="1.226"/>
  <system-out/>
  <testcase classname="Test.TestCases" name="price" time="3.117"/>
  <system-out/>
  <testcase classname="Test.TestCases" name="printSub_Menus" time="0.286"/>
  <system-out/>
  <testcase classname="Test.TestCases" name="extractSub_Menus" time="0.070"/>
  <system-out/>
  <testcase classname="Test.TestCases" name="display_1st_Three_Results" time="2.136"/>
  <system-out/>
  <testcase classname="Test.TestCases" name="searchBookShelves" time="4.859"/>
  <system-out/>
  <testcase classname="Test.TestCases" name="sofasAndReclinders_Menu" time="1.089"/>
  <system-out/>
  <testcase classname="Test.TestCases" name="customizeGiftCards" time="6.545"/>
  <system-out/>
</testsuite> <!-- Test.TestCases -->
